2025-07-28 18:59:32,793 - INFO - === 程序启动 - 内存使用情况 ===
2025-07-28 18:59:32,794 - INFO - RSS内存: 172.86 MB
2025-07-28 18:59:32,794 - INFO - VMS内存: 3021.17 MB
2025-07-28 18:59:32,794 - INFO - 内存占用百分比: 1.11%
2025-07-28 18:59:32,822 - INFO - 系统总内存: 15.24 GB
2025-07-28 18:59:32,822 - INFO - 系统可用内存: 1.68 GB
2025-07-28 18:59:32,824 - INFO - 系统内存使用率: 89.00%
2025-07-28 18:59:32,825 - INFO - ==================================================
2025-07-28 18:59:32,825 - INFO - 步骤 1: 开始初始化 QLib
2025-07-28 18:59:32,825 - INFO - ==================================================
2025-07-28 18:59:32,825 - INFO - === QLib初始化前 - 内存使用情况 ===
2025-07-28 18:59:32,825 - INFO - RSS内存: 173.01 MB
2025-07-28 18:59:32,826 - INFO - VMS内存: 3021.29 MB
2025-07-28 18:59:32,826 - INFO - 内存占用百分比: 1.11%
2025-07-28 18:59:32,877 - INFO - 系统总内存: 15.24 GB
2025-07-28 18:59:32,877 - INFO - 系统可用内存: 1.68 GB
2025-07-28 18:59:32,877 - INFO - 系统内存使用率: 89.00%
2025-07-28 18:59:32,877 - INFO - 正在调用 qlib.init()...
2025-07-28 18:59:33,703 - INFO - === QLib初始化后 - 内存使用情况 ===
2025-07-28 18:59:33,703 - INFO - RSS内存: 193.58 MB
2025-07-28 18:59:33,703 - INFO - VMS内存: 3041.82 MB
2025-07-28 18:59:33,703 - INFO - 内存占用百分比: 1.24%
2025-07-28 18:59:33,735 - INFO - 系统总内存: 15.24 GB
2025-07-28 18:59:33,735 - INFO - 系统可用内存: 1.63 GB
2025-07-28 18:59:33,735 - INFO - 系统内存使用率: 89.30%
2025-07-28 18:59:33,737 - INFO - ==================================================
2025-07-28 18:59:33,737 - INFO - 步骤 2: 开始读取预测数据
2025-07-28 18:59:33,737 - INFO - ==================================================
2025-07-28 18:59:33,737 - INFO - === 数据读取前 - 内存使用情况 ===
2025-07-28 18:59:33,737 - INFO - RSS内存: 193.59 MB
2025-07-28 18:59:33,737 - INFO - VMS内存: 3041.82 MB
2025-07-28 18:59:33,737 - INFO - 内存占用百分比: 1.24%
2025-07-28 18:59:33,763 - INFO - 系统总内存: 15.24 GB
2025-07-28 18:59:33,763 - INFO - 系统可用内存: 1.63 GB
2025-07-28 18:59:33,763 - INFO - 系统内存使用率: 89.30%
2025-07-28 18:59:33,763 - INFO - 正在读取文件: C:/Users/ASUS/Downloads/预测数据_考虑相关系数.csv
2025-07-28 18:59:33,763 - INFO - 文件大小: 131.11 MB
2025-07-28 18:59:34,860 - INFO - 原始数据形状: (1407184, 9)
2025-07-28 18:59:34,860 - INFO - 原始数据列: ['datetime', 'instrument', 'mu', 'sigma_before_soft_plus', 'rho_before_tanh', 'label', 'label_NASDAQ', 'sigma', 'rho']
2025-07-28 18:59:34,860 - INFO - === 数据读取后 - 内存使用情况 ===
2025-07-28 18:59:34,860 - INFO - RSS内存: 293.50 MB
2025-07-28 18:59:34,860 - INFO - VMS内存: 3141.63 MB
2025-07-28 18:59:34,860 - INFO - 内存占用百分比: 1.88%
2025-07-28 18:59:34,895 - INFO - 系统总内存: 15.24 GB
2025-07-28 18:59:34,895 - INFO - 系统可用内存: 1.74 GB
2025-07-28 18:59:34,895 - INFO - 系统内存使用率: 88.60%
2025-07-28 18:59:34,895 - INFO - ==================================================
2025-07-28 18:59:34,895 - INFO - 步骤 3: 开始数据筛选和预处理
2025-07-28 18:59:34,895 - INFO - ==================================================
2025-07-28 18:59:34,895 - INFO - 期望的列: ['datetime', 'instrument', 'mu']
2025-07-28 18:59:34,899 - INFO - 正在筛选数据...
2025-07-28 18:59:34,946 - INFO - 筛选后数据形状: (10, 3)
2025-07-28 18:59:34,946 - INFO - 将列 'mu' 重命名为 'score'
2025-07-28 18:59:34,953 - INFO - === 数据筛选后 - 内存使用情况 ===
2025-07-28 18:59:34,953 - INFO - RSS内存: 197.21 MB
2025-07-28 18:59:34,953 - INFO - VMS内存: 3044.82 MB
2025-07-28 18:59:34,953 - INFO - 内存占用百分比: 1.26%
2025-07-28 18:59:34,987 - INFO - 系统总内存: 15.24 GB
2025-07-28 18:59:34,987 - INFO - 系统可用内存: 1.82 GB
2025-07-28 18:59:34,987 - INFO - 系统内存使用率: 88.00%
2025-07-28 18:59:34,987 - INFO - ==================================================
2025-07-28 18:59:34,987 - INFO - 步骤 4: 开始数据预处理
2025-07-28 18:59:34,987 - INFO - ==================================================
2025-07-28 18:59:34,987 - INFO - === 数据预处理前 - 内存使用情况 ===
2025-07-28 18:59:34,987 - INFO - RSS内存: 197.22 MB
2025-07-28 18:59:34,987 - INFO - VMS内存: 3044.82 MB
2025-07-28 18:59:34,987 - INFO - 内存占用百分比: 1.26%
2025-07-28 18:59:35,013 - INFO - 系统总内存: 15.24 GB
2025-07-28 18:59:35,014 - INFO - 系统可用内存: 1.84 GB
2025-07-28 18:59:35,014 - INFO - 系统内存使用率: 87.90%
2025-07-28 18:59:35,014 - INFO - 正在转换日期时间格式...
2025-07-28 18:59:35,022 - INFO - 正在设置多级索引...
2025-07-28 18:59:35,032 - INFO - 正在执行垃圾回收...
2025-07-28 18:59:35,097 - INFO - === 数据预处理后 - 内存使用情况 ===
2025-07-28 18:59:35,097 - INFO - RSS内存: 197.71 MB
2025-07-28 18:59:35,097 - INFO - VMS内存: 3044.82 MB
2025-07-28 18:59:35,097 - INFO - 内存占用百分比: 1.27%
2025-07-28 18:59:35,121 - INFO - 系统总内存: 15.24 GB
2025-07-28 18:59:35,121 - INFO - 系统可用内存: 1.85 GB
2025-07-28 18:59:35,121 - INFO - 系统内存使用率: 87.90%
2025-07-28 18:59:35,121 - INFO - ==============================
2025-07-28 18:59:35,121 - INFO - 数据信息摘要
2025-07-28 18:59:35,121 - INFO - ==============================
2025-07-28 18:59:35,124 - INFO - 时间范围: 2023-01-03 00:00:00 到 2023-01-03 00:00:00
2025-07-28 18:59:35,124 - INFO - 股票数量: 10
2025-07-28 18:59:35,125 - INFO - 数据形状: (10, 1)
2025-07-28 18:59:35,132 - INFO - 数据预览:
                          score
instrument datetime            
AAL        2023-01-03  0.020809
AAOI       2023-01-03  0.027652
AAON       2023-01-03  0.007134
AAPL       2023-01-03  0.008022
ABCL       2023-01-03  0.016253
2025-07-28 18:59:35,132 - INFO - ==================================================
2025-07-28 18:59:35,132 - INFO - 步骤 5: 开始创建交易策略
2025-07-28 18:59:35,132 - INFO - ==================================================
2025-07-28 18:59:35,132 - INFO - === 策略创建前 - 内存使用情况 ===
2025-07-28 18:59:35,133 - INFO - RSS内存: 197.88 MB
2025-07-28 18:59:35,133 - INFO - VMS内存: 3044.82 MB
2025-07-28 18:59:35,133 - INFO - 内存占用百分比: 1.27%
2025-07-28 18:59:35,158 - INFO - 系统总内存: 15.24 GB
2025-07-28 18:59:35,158 - INFO - 系统可用内存: 1.85 GB
2025-07-28 18:59:35,158 - INFO - 系统内存使用率: 87.90%
2025-07-28 18:59:35,161 - INFO - 策略配置: {'topk': 1, 'n_drop': 0, 'signal':                           score
instrument datetime            
AAL        2023-01-03  0.020809
AAOI       2023-01-03  0.027652
AAON       2023-01-03  0.007134
AAPL       2023-01-03  0.008022
ABCL       2023-01-03  0.016253
ABEO       2023-01-03  0.030409
ABL        2023-01-03  0.009216
ABNB       2023-01-03  0.007552
ABOS       2023-01-03  0.010974
ABSI       2023-01-03  0.023029}
2025-07-28 18:59:35,161 - INFO - 正在创建 TopkDropoutStrategy...
2025-07-28 18:59:35,162 - INFO - === 策略创建后 - 内存使用情况 ===
2025-07-28 18:59:35,162 - INFO - RSS内存: 197.88 MB
2025-07-28 18:59:35,162 - INFO - VMS内存: 3044.82 MB
2025-07-28 18:59:35,162 - INFO - 内存占用百分比: 1.27%
2025-07-28 18:59:35,189 - INFO - 系统总内存: 15.24 GB
2025-07-28 18:59:35,189 - INFO - 系统可用内存: 1.85 GB
2025-07-28 18:59:35,189 - INFO - 系统内存使用率: 87.90%
2025-07-28 18:59:35,189 - INFO - ==================================================
2025-07-28 18:59:35,190 - INFO - 步骤 6: 开始执行回测
2025-07-28 18:59:35,190 - INFO - ==================================================
2025-07-28 18:59:35,190 - INFO - 回测时间范围: 2023-01-03 到 2023-01-03
2025-07-28 18:59:35,190 - INFO - === 回测开始前 - 内存使用情况 ===
2025-07-28 18:59:35,190 - INFO - RSS内存: 197.88 MB
2025-07-28 18:59:35,190 - INFO - VMS内存: 3044.82 MB
2025-07-28 18:59:35,190 - INFO - 内存占用百分比: 1.27%
2025-07-28 18:59:35,213 - INFO - 系统总内存: 15.24 GB
2025-07-28 18:59:35,214 - INFO - 系统可用内存: 1.84 GB
2025-07-28 18:59:35,214 - INFO - 系统内存使用率: 87.90%
2025-07-28 18:59:35,214 - INFO - 如果程序在此处卡住，说明问题出现在 backtest_daily 函数中
2025-07-28 18:59:35,214 - INFO - 正在调用 backtest_daily...
2025-07-28 19:00:02,827 - INFO - === 定期监控 - 内存使用情况 ===
2025-07-28 19:00:02,827 - INFO - RSS内存: 201.68 MB
2025-07-28 19:00:02,827 - INFO - VMS内存: 3050.75 MB
2025-07-28 19:00:02,827 - INFO - 内存占用百分比: 1.29%
2025-07-28 19:00:02,869 - INFO - 系统总内存: 15.24 GB
2025-07-28 19:00:02,869 - INFO - 系统可用内存: 0.86 GB
2025-07-28 19:00:02,869 - INFO - 系统内存使用率: 94.30%
2025-07-28 19:00:32,873 - INFO - === 定期监控 - 内存使用情况 ===
2025-07-28 19:00:32,873 - INFO - RSS内存: 201.63 MB
2025-07-28 19:00:32,873 - INFO - VMS内存: 3050.66 MB
2025-07-28 19:00:32,873 - INFO - 内存占用百分比: 1.29%
2025-07-28 19:00:32,907 - INFO - 系统总内存: 15.24 GB
2025-07-28 19:00:32,907 - INFO - 系统可用内存: 0.76 GB
2025-07-28 19:00:32,907 - INFO - 系统内存使用率: 95.00%
2025-07-28 19:01:02,909 - INFO - === 定期监控 - 内存使用情况 ===
2025-07-28 19:01:02,910 - INFO - RSS内存: 201.63 MB
2025-07-28 19:01:02,910 - INFO - VMS内存: 3050.66 MB
2025-07-28 19:01:02,910 - INFO - 内存占用百分比: 1.29%
2025-07-28 19:01:02,942 - INFO - 系统总内存: 15.24 GB
2025-07-28 19:01:02,942 - INFO - 系统可用内存: 0.75 GB
2025-07-28 19:01:02,942 - INFO - 系统内存使用率: 95.10%
2025-07-28 19:01:32,945 - INFO - === 定期监控 - 内存使用情况 ===
2025-07-28 19:01:32,945 - INFO - RSS内存: 201.63 MB
2025-07-28 19:01:32,945 - INFO - VMS内存: 3050.66 MB
2025-07-28 19:01:32,945 - INFO - 内存占用百分比: 1.29%
2025-07-28 19:01:32,983 - INFO - 系统总内存: 15.24 GB
2025-07-28 19:01:32,983 - INFO - 系统可用内存: 0.64 GB
2025-07-28 19:01:32,983 - INFO - 系统内存使用率: 95.80%
2025-07-28 19:02:02,985 - INFO - === 定期监控 - 内存使用情况 ===
2025-07-28 19:02:02,985 - INFO - RSS内存: 201.59 MB
2025-07-28 19:02:02,985 - INFO - VMS内存: 3050.59 MB
2025-07-28 19:02:02,985 - INFO - 内存占用百分比: 1.29%
2025-07-28 19:02:03,022 - INFO - 系统总内存: 15.24 GB
2025-07-28 19:02:03,023 - INFO - 系统可用内存: 0.68 GB
2025-07-28 19:02:03,023 - INFO - 系统内存使用率: 95.50%
2025-07-28 19:02:33,024 - INFO - === 定期监控 - 内存使用情况 ===
2025-07-28 19:02:33,026 - INFO - RSS内存: 196.21 MB
2025-07-28 19:02:33,026 - INFO - VMS内存: 3050.59 MB
2025-07-28 19:02:33,026 - INFO - 内存占用百分比: 1.26%
2025-07-28 19:02:33,056 - INFO - 系统总内存: 15.24 GB
2025-07-28 19:02:33,057 - INFO - 系统可用内存: 1.32 GB
2025-07-28 19:02:33,057 - INFO - 系统内存使用率: 91.30%
2025-07-28 19:03:03,059 - INFO - === 定期监控 - 内存使用情况 ===
2025-07-28 19:03:03,059 - INFO - RSS内存: 196.19 MB
2025-07-28 19:03:03,060 - INFO - VMS内存: 3050.55 MB
2025-07-28 19:03:03,060 - INFO - 内存占用百分比: 1.26%
2025-07-28 19:03:03,094 - INFO - 系统总内存: 15.24 GB
2025-07-28 19:03:03,094 - INFO - 系统可用内存: 1.31 GB
2025-07-28 19:03:03,094 - INFO - 系统内存使用率: 91.40%
2025-07-28 19:03:33,096 - INFO - === 定期监控 - 内存使用情况 ===
2025-07-28 19:03:33,098 - INFO - RSS内存: 196.19 MB
2025-07-28 19:03:33,098 - INFO - VMS内存: 3050.55 MB
2025-07-28 19:03:33,098 - INFO - 内存占用百分比: 1.26%
2025-07-28 19:03:33,128 - INFO - 系统总内存: 15.24 GB
2025-07-28 19:03:33,128 - INFO - 系统可用内存: 1.23 GB
2025-07-28 19:03:33,129 - INFO - 系统内存使用率: 91.90%
2025-07-28 19:04:03,132 - INFO - === 定期监控 - 内存使用情况 ===
2025-07-28 19:04:03,132 - INFO - RSS内存: 189.88 MB
2025-07-28 19:04:03,132 - INFO - VMS内存: 3050.55 MB
2025-07-28 19:04:03,132 - INFO - 内存占用百分比: 1.22%
2025-07-28 19:04:03,165 - INFO - 系统总内存: 15.24 GB
2025-07-28 19:04:03,165 - INFO - 系统可用内存: 1.13 GB
2025-07-28 19:04:03,165 - INFO - 系统内存使用率: 92.60%
2025-07-28 19:04:33,168 - INFO - === 定期监控 - 内存使用情况 ===
2025-07-28 19:04:33,168 - INFO - RSS内存: 189.93 MB
2025-07-28 19:04:33,168 - INFO - VMS内存: 3050.62 MB
2025-07-28 19:04:33,168 - INFO - 内存占用百分比: 1.22%
2025-07-28 19:04:33,198 - INFO - 系统总内存: 15.24 GB
2025-07-28 19:04:33,198 - INFO - 系统可用内存: 1.17 GB
2025-07-28 19:04:33,198 - INFO - 系统内存使用率: 92.30%
2025-07-28 19:05:03,201 - INFO - === 定期监控 - 内存使用情况 ===
2025-07-28 19:05:03,202 - INFO - RSS内存: 189.93 MB
2025-07-28 19:05:03,202 - INFO - VMS内存: 3050.62 MB
2025-07-28 19:05:03,202 - INFO - 内存占用百分比: 1.22%
2025-07-28 19:05:03,250 - INFO - 系统总内存: 15.24 GB
2025-07-28 19:05:03,251 - INFO - 系统可用内存: 1.06 GB
2025-07-28 19:05:03,251 - INFO - 系统内存使用率: 93.00%
2025-07-28 19:05:33,254 - INFO - === 定期监控 - 内存使用情况 ===
2025-07-28 19:05:33,254 - INFO - RSS内存: 189.93 MB
2025-07-28 19:05:33,254 - INFO - VMS内存: 3050.62 MB
2025-07-28 19:05:33,254 - INFO - 内存占用百分比: 1.22%
2025-07-28 19:05:33,287 - INFO - 系统总内存: 15.24 GB
2025-07-28 19:05:33,287 - INFO - 系统可用内存: 0.94 GB
2025-07-28 19:05:33,287 - INFO - 系统内存使用率: 93.80%
2025-07-28 19:06:03,289 - INFO - === 定期监控 - 内存使用情况 ===
2025-07-28 19:06:03,289 - INFO - RSS内存: 189.89 MB
2025-07-28 19:06:03,289 - INFO - VMS内存: 3050.55 MB
2025-07-28 19:06:03,289 - INFO - 内存占用百分比: 1.22%
2025-07-28 19:06:03,316 - INFO - 系统总内存: 15.24 GB
2025-07-28 19:06:03,316 - INFO - 系统可用内存: 1.17 GB
2025-07-28 19:06:03,316 - INFO - 系统内存使用率: 92.30%
2025-07-28 19:06:33,317 - INFO - === 定期监控 - 内存使用情况 ===
2025-07-28 19:06:33,318 - INFO - RSS内存: 189.89 MB
2025-07-28 19:06:33,318 - INFO - VMS内存: 3050.55 MB
2025-07-28 19:06:33,318 - INFO - 内存占用百分比: 1.22%
2025-07-28 19:06:33,344 - INFO - 系统总内存: 15.24 GB
2025-07-28 19:06:33,344 - INFO - 系统可用内存: 1.11 GB
2025-07-28 19:06:33,344 - INFO - 系统内存使用率: 92.70%
2025-07-28 19:07:03,346 - INFO - === 定期监控 - 内存使用情况 ===
2025-07-28 19:07:03,346 - INFO - RSS内存: 189.89 MB
2025-07-28 19:07:03,346 - INFO - VMS内存: 3050.55 MB
2025-07-28 19:07:03,346 - INFO - 内存占用百分比: 1.22%
2025-07-28 19:07:03,377 - INFO - 系统总内存: 15.24 GB
2025-07-28 19:07:03,377 - INFO - 系统可用内存: 0.97 GB
2025-07-28 19:07:03,377 - INFO - 系统内存使用率: 93.60%
2025-07-28 19:07:33,380 - INFO - === 定期监控 - 内存使用情况 ===
2025-07-28 19:07:33,380 - INFO - RSS内存: 189.11 MB
2025-07-28 19:07:33,380 - INFO - VMS内存: 3050.55 MB
2025-07-28 19:07:33,380 - INFO - 内存占用百分比: 1.21%
2025-07-28 19:07:33,411 - INFO - 系统总内存: 15.24 GB
2025-07-28 19:07:33,411 - INFO - 系统可用内存: 1.29 GB
2025-07-28 19:07:33,411 - INFO - 系统内存使用率: 91.50%
2025-07-28 19:08:03,414 - INFO - === 定期监控 - 内存使用情况 ===
2025-07-28 19:08:03,415 - INFO - RSS内存: 189.11 MB
2025-07-28 19:08:03,415 - INFO - VMS内存: 3050.55 MB
2025-07-28 19:08:03,415 - INFO - 内存占用百分比: 1.21%
2025-07-28 19:08:03,462 - INFO - 系统总内存: 15.24 GB
2025-07-28 19:08:03,462 - INFO - 系统可用内存: 1.17 GB
2025-07-28 19:08:03,462 - INFO - 系统内存使用率: 92.30%
2025-07-28 19:08:33,464 - INFO - === 定期监控 - 内存使用情况 ===
2025-07-28 19:08:33,464 - INFO - RSS内存: 189.11 MB
2025-07-28 19:08:33,464 - INFO - VMS内存: 3050.55 MB
2025-07-28 19:08:33,464 - INFO - 内存占用百分比: 1.21%
2025-07-28 19:08:33,492 - INFO - 系统总内存: 15.24 GB
2025-07-28 19:08:33,493 - INFO - 系统可用内存: 1.17 GB
2025-07-28 19:08:33,493 - INFO - 系统内存使用率: 92.30%
2025-07-28 19:09:03,495 - INFO - === 定期监控 - 内存使用情况 ===
2025-07-28 19:09:03,495 - INFO - RSS内存: 189.11 MB
2025-07-28 19:09:03,495 - INFO - VMS内存: 3050.55 MB
2025-07-28 19:09:03,495 - INFO - 内存占用百分比: 1.21%
2025-07-28 19:09:03,530 - INFO - 系统总内存: 15.24 GB
2025-07-28 19:09:03,530 - INFO - 系统可用内存: 1.09 GB
2025-07-28 19:09:03,530 - INFO - 系统内存使用率: 92.80%
2025-07-28 19:09:33,535 - INFO - === 定期监控 - 内存使用情况 ===
2025-07-28 19:09:33,535 - INFO - RSS内存: 189.16 MB
2025-07-28 19:09:33,535 - INFO - VMS内存: 3050.62 MB
2025-07-28 19:09:33,535 - INFO - 内存占用百分比: 1.21%
2025-07-28 19:09:33,562 - INFO - 系统总内存: 15.24 GB
2025-07-28 19:09:33,562 - INFO - 系统可用内存: 1.05 GB
2025-07-28 19:09:33,562 - INFO - 系统内存使用率: 93.10%
2025-07-28 19:10:03,566 - INFO - === 定期监控 - 内存使用情况 ===
2025-07-28 19:10:03,566 - INFO - RSS内存: 189.16 MB
2025-07-28 19:10:03,566 - INFO - VMS内存: 3050.62 MB
2025-07-28 19:10:03,566 - INFO - 内存占用百分比: 1.21%
2025-07-28 19:10:03,590 - INFO - 系统总内存: 15.24 GB
2025-07-28 19:10:03,590 - INFO - 系统可用内存: 1.01 GB
2025-07-28 19:10:03,590 - INFO - 系统内存使用率: 93.40%
2025-07-28 19:10:33,592 - INFO - === 定期监控 - 内存使用情况 ===
2025-07-28 19:10:33,593 - INFO - RSS内存: 189.16 MB
2025-07-28 19:10:33,593 - INFO - VMS内存: 3050.62 MB
2025-07-28 19:10:33,593 - INFO - 内存占用百分比: 1.21%
2025-07-28 19:10:33,623 - INFO - 系统总内存: 15.24 GB
2025-07-28 19:10:33,623 - INFO - 系统可用内存: 0.95 GB
2025-07-28 19:10:33,623 - INFO - 系统内存使用率: 93.70%
2025-07-28 19:11:03,626 - INFO - === 定期监控 - 内存使用情况 ===
2025-07-28 19:11:03,626 - INFO - RSS内存: 189.16 MB
2025-07-28 19:11:03,626 - INFO - VMS内存: 3050.62 MB
2025-07-28 19:11:03,627 - INFO - 内存占用百分比: 1.21%
2025-07-28 19:11:03,657 - INFO - 系统总内存: 15.24 GB
2025-07-28 19:11:03,657 - INFO - 系统可用内存: 0.98 GB
2025-07-28 19:11:03,657 - INFO - 系统内存使用率: 93.50%
2025-07-28 19:11:33,660 - INFO - === 定期监控 - 内存使用情况 ===
2025-07-28 19:11:33,660 - INFO - RSS内存: 180.05 MB
2025-07-28 19:11:33,661 - INFO - VMS内存: 3050.62 MB
2025-07-28 19:11:33,661 - INFO - 内存占用百分比: 1.15%
2025-07-28 19:11:33,779 - INFO - 系统总内存: 15.24 GB
2025-07-28 19:11:33,780 - INFO - 系统可用内存: 1.43 GB
2025-07-28 19:11:33,780 - INFO - 系统内存使用率: 90.60%
2025-07-28 19:12:03,782 - INFO - === 定期监控 - 内存使用情况 ===
2025-07-28 19:12:03,782 - INFO - RSS内存: 180.01 MB
2025-07-28 19:12:03,782 - INFO - VMS内存: 3050.55 MB
2025-07-28 19:12:03,782 - INFO - 内存占用百分比: 1.15%
2025-07-28 19:12:03,811 - INFO - 系统总内存: 15.24 GB
2025-07-28 19:12:03,811 - INFO - 系统可用内存: 1.32 GB
2025-07-28 19:12:03,811 - INFO - 系统内存使用率: 91.40%
2025-07-28 19:12:33,814 - INFO - === 定期监控 - 内存使用情况 ===
2025-07-28 19:12:33,814 - INFO - RSS内存: 179.67 MB
2025-07-28 19:12:33,814 - INFO - VMS内存: 3050.55 MB
2025-07-28 19:12:33,814 - INFO - 内存占用百分比: 1.15%
2025-07-28 19:12:33,851 - INFO - 系统总内存: 15.24 GB
2025-07-28 19:12:33,852 - INFO - 系统可用内存: 1.42 GB
2025-07-28 19:12:33,852 - INFO - 系统内存使用率: 90.70%
2025-07-28 19:13:03,853 - INFO - === 定期监控 - 内存使用情况 ===
2025-07-28 19:13:03,853 - INFO - RSS内存: 179.68 MB
2025-07-28 19:13:03,854 - INFO - VMS内存: 3050.55 MB
2025-07-28 19:13:03,854 - INFO - 内存占用百分比: 1.15%
2025-07-28 19:13:03,883 - INFO - 系统总内存: 15.24 GB
2025-07-28 19:13:03,883 - INFO - 系统可用内存: 1.81 GB
2025-07-28 19:13:03,883 - INFO - 系统内存使用率: 88.10%
2025-07-28 19:13:33,884 - INFO - === 定期监控 - 内存使用情况 ===
2025-07-28 19:13:33,885 - INFO - RSS内存: 179.68 MB
2025-07-28 19:13:33,885 - INFO - VMS内存: 3050.55 MB
2025-07-28 19:13:33,885 - INFO - 内存占用百分比: 1.15%
2025-07-28 19:13:33,912 - INFO - 系统总内存: 15.24 GB
2025-07-28 19:13:33,913 - INFO - 系统可用内存: 1.73 GB
2025-07-28 19:13:33,913 - INFO - 系统内存使用率: 88.70%
2025-07-28 19:14:03,913 - INFO - === 定期监控 - 内存使用情况 ===
2025-07-28 19:14:03,914 - INFO - RSS内存: 179.68 MB
2025-07-28 19:14:03,914 - INFO - VMS内存: 3050.55 MB
2025-07-28 19:14:03,914 - INFO - 内存占用百分比: 1.15%
2025-07-28 19:14:03,943 - INFO - 系统总内存: 15.24 GB
2025-07-28 19:14:03,943 - INFO - 系统可用内存: 1.22 GB
2025-07-28 19:14:03,943 - INFO - 系统内存使用率: 92.00%
2025-07-28 19:14:33,945 - INFO - === 定期监控 - 内存使用情况 ===
2025-07-28 19:14:33,945 - INFO - RSS内存: 179.68 MB
2025-07-28 19:14:33,945 - INFO - VMS内存: 3050.55 MB
2025-07-28 19:14:33,945 - INFO - 内存占用百分比: 1.15%
2025-07-28 19:14:34,081 - INFO - 系统总内存: 15.24 GB
2025-07-28 19:14:34,082 - INFO - 系统可用内存: 1.34 GB
2025-07-28 19:14:34,082 - INFO - 系统内存使用率: 91.20%
2025-07-28 19:15:04,084 - INFO - === 定期监控 - 内存使用情况 ===
2025-07-28 19:15:04,084 - INFO - RSS内存: 179.68 MB
2025-07-28 19:15:04,084 - INFO - VMS内存: 3050.55 MB
2025-07-28 19:15:04,084 - INFO - 内存占用百分比: 1.15%
2025-07-28 19:15:04,111 - INFO - 系统总内存: 15.24 GB
2025-07-28 19:15:04,111 - INFO - 系统可用内存: 1.35 GB
2025-07-28 19:15:04,111 - INFO - 系统内存使用率: 91.20%
2025-07-28 19:15:34,113 - INFO - === 定期监控 - 内存使用情况 ===
2025-07-28 19:15:34,113 - INFO - RSS内存: 179.68 MB
2025-07-28 19:15:34,113 - INFO - VMS内存: 3050.55 MB
2025-07-28 19:15:34,113 - INFO - 内存占用百分比: 1.15%
2025-07-28 19:15:34,141 - INFO - 系统总内存: 15.24 GB
2025-07-28 19:15:34,141 - INFO - 系统可用内存: 1.38 GB
2025-07-28 19:15:34,141 - INFO - 系统内存使用率: 90.90%
2025-07-28 19:16:04,143 - INFO - === 定期监控 - 内存使用情况 ===
2025-07-28 19:16:04,143 - INFO - RSS内存: 179.68 MB
2025-07-28 19:16:04,143 - INFO - VMS内存: 3050.55 MB
2025-07-28 19:16:04,143 - INFO - 内存占用百分比: 1.15%
2025-07-28 19:16:04,172 - INFO - 系统总内存: 15.24 GB
2025-07-28 19:16:04,172 - INFO - 系统可用内存: 1.39 GB
2025-07-28 19:16:04,172 - INFO - 系统内存使用率: 90.90%
2025-07-28 19:16:34,173 - INFO - === 定期监控 - 内存使用情况 ===
2025-07-28 19:16:34,173 - INFO - RSS内存: 179.68 MB
2025-07-28 19:16:34,173 - INFO - VMS内存: 3050.55 MB
2025-07-28 19:16:34,173 - INFO - 内存占用百分比: 1.15%
2025-07-28 19:16:34,200 - INFO - 系统总内存: 15.24 GB
2025-07-28 19:16:34,200 - INFO - 系统可用内存: 1.39 GB
2025-07-28 19:16:34,200 - INFO - 系统内存使用率: 90.90%
2025-07-28 19:17:04,203 - INFO - === 定期监控 - 内存使用情况 ===
2025-07-28 19:17:04,203 - INFO - RSS内存: 179.68 MB
2025-07-28 19:17:04,203 - INFO - VMS内存: 3050.55 MB
2025-07-28 19:17:04,203 - INFO - 内存占用百分比: 1.15%
2025-07-28 19:17:04,233 - INFO - 系统总内存: 15.24 GB
2025-07-28 19:17:04,233 - INFO - 系统可用内存: 1.33 GB
2025-07-28 19:17:04,233 - INFO - 系统内存使用率: 91.30%
